  Zvorygin_Laba-1.cpp
C:\Users\zvory\source\repos\Zvorygin_Laba-1\Zvorygin_Laba-1\Zvorygin_Laba-1.cpp(101,18): warning C4566: character represented by universal-character-name '\u0424' cannot be represented in the current code page (1252)
C:\Users\zvory\source\repos\Zvorygin_Laba-1\Zvorygin_Laba-1\Zvorygin_Laba-1.cpp(101,18): warning C4566: character represented by universal-character-name '\u0430' cannot be represented in the current code page (1252)
C:\Users\zvory\source\repos\Zvorygin_Laba-1\Zvorygin_Laba-1\Zvorygin_Laba-1.cpp(101,18): warning C4566: character represented by universal-character-name '\u0439' cannot be represented in the current code page (1252)
C:\Users\zvory\source\repos\Zvorygin_Laba-1\Zvorygin_Laba-1\Zvorygin_Laba-1.cpp(101,18): warning C4566: character represented by universal-character-name '\u043B' cannot be represented in the current code page (1252)
C:\Users\zvory\source\repos\Zvorygin_Laba-1\Zvorygin_Laba-1\Zvorygin_Laba-1.cpp(101,18): warning C4566: character represented by universal-character-name '\u043D' cannot be represented in the current code page (1252)
C:\Users\zvory\source\repos\Zvorygin_Laba-1\Zvorygin_Laba-1\Zvorygin_Laba-1.cpp(101,18): warning C4566: character represented by universal-character-name '\u0435' cannot be represented in the current code page (1252)
C:\Users\zvory\source\repos\Zvorygin_Laba-1\Zvorygin_Laba-1\Zvorygin_Laba-1.cpp(101,18): warning C4566: character represented by universal-character-name '\u043E' cannot be represented in the current code page (1252)
C:\Users\zvory\source\repos\Zvorygin_Laba-1\Zvorygin_Laba-1\Zvorygin_Laba-1.cpp(101,18): warning C4566: character represented by universal-character-name '\u0442' cannot be represented in the current code page (1252)
C:\Users\zvory\source\repos\Zvorygin_Laba-1\Zvorygin_Laba-1\Zvorygin_Laba-1.cpp(101,18): warning C4566: character represented by universal-character-name '\u043A' cannot be represented in the current code page (1252)
C:\Users\zvory\source\repos\Zvorygin_Laba-1\Zvorygin_Laba-1\Zvorygin_Laba-1.cpp(101,18): warning C4566: character represented by universal-character-name '\u0440' cannot be represented in the current code page (1252)
C:\Users\zvory\source\repos\Zvorygin_Laba-1\Zvorygin_Laba-1\Zvorygin_Laba-1.cpp(101,18): warning C4566: character represented by universal-character-name '\u044B' cannot be represented in the current code page (1252)
C:\Users\zvory\source\repos\Zvorygin_Laba-1\Zvorygin_Laba-1\Zvorygin_Laba-1.cpp(101,18): warning C4566: character represented by universal-character-name '\u0441' cannot be represented in the current code page (1252)
C:\Users\zvory\source\repos\Zvorygin_Laba-1\Zvorygin_Laba-1\Zvorygin_Laba-1.cpp(101,18): warning C4566: character represented by universal-character-name '\u044F' cannot be represented in the current code page (1252)
C:\Users\zvory\source\repos\Zvorygin_Laba-1\Zvorygin_Laba-1\Zvorygin_Laba-1.cpp(112,18): warning C4566: character represented by universal-character-name '\u0424' cannot be represented in the current code page (1252)
C:\Users\zvory\source\repos\Zvorygin_Laba-1\Zvorygin_Laba-1\Zvorygin_Laba-1.cpp(112,18): warning C4566: character represented by universal-character-name '\u0430' cannot be represented in the current code page (1252)
C:\Users\zvory\source\repos\Zvorygin_Laba-1\Zvorygin_Laba-1\Zvorygin_Laba-1.cpp(112,18): warning C4566: character represented by universal-character-name '\u0439' cannot be represented in the current code page (1252)
C:\Users\zvory\source\repos\Zvorygin_Laba-1\Zvorygin_Laba-1\Zvorygin_Laba-1.cpp(112,18): warning C4566: character represented by universal-character-name '\u043B' cannot be represented in the current code page (1252)
C:\Users\zvory\source\repos\Zvorygin_Laba-1\Zvorygin_Laba-1\Zvorygin_Laba-1.cpp(112,18): warning C4566: character represented by universal-character-name '\u043D' cannot be represented in the current code page (1252)
C:\Users\zvory\source\repos\Zvorygin_Laba-1\Zvorygin_Laba-1\Zvorygin_Laba-1.cpp(112,18): warning C4566: character represented by universal-character-name '\u0435' cannot be represented in the current code page (1252)
C:\Users\zvory\source\repos\Zvorygin_Laba-1\Zvorygin_Laba-1\Zvorygin_Laba-1.cpp(112,18): warning C4566: character represented by universal-character-name '\u043E' cannot be represented in the current code page (1252)
C:\Users\zvory\source\repos\Zvorygin_Laba-1\Zvorygin_Laba-1\Zvorygin_Laba-1.cpp(112,18): warning C4566: character represented by universal-character-name '\u0442' cannot be represented in the current code page (1252)
C:\Users\zvory\source\repos\Zvorygin_Laba-1\Zvorygin_Laba-1\Zvorygin_Laba-1.cpp(112,18): warning C4566: character represented by universal-character-name '\u043A' cannot be represented in the current code page (1252)
C:\Users\zvory\source\repos\Zvorygin_Laba-1\Zvorygin_Laba-1\Zvorygin_Laba-1.cpp(112,18): warning C4566: character represented by universal-character-name '\u0440' cannot be represented in the current code page (1252)
C:\Users\zvory\source\repos\Zvorygin_Laba-1\Zvorygin_Laba-1\Zvorygin_Laba-1.cpp(112,18): warning C4566: character represented by universal-character-name '\u044B' cannot be represented in the current code page (1252)
C:\Users\zvory\source\repos\Zvorygin_Laba-1\Zvorygin_Laba-1\Zvorygin_Laba-1.cpp(112,18): warning C4566: character represented by universal-character-name '\u0441' cannot be represented in the current code page (1252)
C:\Users\zvory\source\repos\Zvorygin_Laba-1\Zvorygin_Laba-1\Zvorygin_Laba-1.cpp(112,18): warning C4566: character represented by universal-character-name '\u044F' cannot be represented in the current code page (1252)
C:\Users\zvory\source\repos\Zvorygin_Laba-1\Zvorygin_Laba-1\Zvorygin_Laba-1.cpp(145,16): warning C4566: character represented by universal-character-name '\u0424' cannot be represented in the current code page (1252)
C:\Users\zvory\source\repos\Zvorygin_Laba-1\Zvorygin_Laba-1\Zvorygin_Laba-1.cpp(145,16): warning C4566: character represented by universal-character-name '\u0430' cannot be represented in the current code page (1252)
C:\Users\zvory\source\repos\Zvorygin_Laba-1\Zvorygin_Laba-1\Zvorygin_Laba-1.cpp(145,16): warning C4566: character represented by universal-character-name '\u0439' cannot be represented in the current code page (1252)
C:\Users\zvory\source\repos\Zvorygin_Laba-1\Zvorygin_Laba-1\Zvorygin_Laba-1.cpp(145,16): warning C4566: character represented by universal-character-name '\u043B' cannot be represented in the current code page (1252)
C:\Users\zvory\source\repos\Zvorygin_Laba-1\Zvorygin_Laba-1\Zvorygin_Laba-1.cpp(145,16): warning C4566: character represented by universal-character-name '\u043D' cannot be represented in the current code page (1252)
C:\Users\zvory\source\repos\Zvorygin_Laba-1\Zvorygin_Laba-1\Zvorygin_Laba-1.cpp(145,16): warning C4566: character represented by universal-character-name '\u0435' cannot be represented in the current code page (1252)
C:\Users\zvory\source\repos\Zvorygin_Laba-1\Zvorygin_Laba-1\Zvorygin_Laba-1.cpp(145,16): warning C4566: character represented by universal-character-name '\u043E' cannot be represented in the current code page (1252)
C:\Users\zvory\source\repos\Zvorygin_Laba-1\Zvorygin_Laba-1\Zvorygin_Laba-1.cpp(145,16): warning C4566: character represented by universal-character-name '\u0442' cannot be represented in the current code page (1252)
C:\Users\zvory\source\repos\Zvorygin_Laba-1\Zvorygin_Laba-1\Zvorygin_Laba-1.cpp(145,16): warning C4566: character represented by universal-character-name '\u043A' cannot be represented in the current code page (1252)
C:\Users\zvory\source\repos\Zvorygin_Laba-1\Zvorygin_Laba-1\Zvorygin_Laba-1.cpp(145,16): warning C4566: character represented by universal-character-name '\u0440' cannot be represented in the current code page (1252)
C:\Users\zvory\source\repos\Zvorygin_Laba-1\Zvorygin_Laba-1\Zvorygin_Laba-1.cpp(145,16): warning C4566: character represented by universal-character-name '\u044B' cannot be represented in the current code page (1252)
C:\Users\zvory\source\repos\Zvorygin_Laba-1\Zvorygin_Laba-1\Zvorygin_Laba-1.cpp(145,16): warning C4566: character represented by universal-character-name '\u0441' cannot be represented in the current code page (1252)
C:\Users\zvory\source\repos\Zvorygin_Laba-1\Zvorygin_Laba-1\Zvorygin_Laba-1.cpp(145,16): warning C4566: character represented by universal-character-name '\u044F' cannot be represented in the current code page (1252)
  Zvorygin_Laba-1.vcxproj -> C:\Users\zvory\source\repos\Zvorygin_Laba-1\x64\Debug\Zvorygin_Laba-1.exe
